{"level":"info","message":"Driver service listening on port 3001","timestamp":"2025-05-07T04:53:48.738Z"}
{"level":"info","message":"Connected to MongoDB","timestamp":"2025-05-07T04:53:48.791Z"}
{"level":"info","message":"Driver service listening on port 3001","timestamp":"2025-05-07T05:19:30.024Z"}
{"level":"info","message":"Connected to MongoDB","timestamp":"2025-05-07T05:19:30.062Z"}
{"level":"info","message":"Driver service listening on port 3001","timestamp":"2025-05-07T05:20:07.599Z"}
{"level":"info","message":"Connected to MongoDB","timestamp":"2025-05-07T05:20:07.616Z"}
{"level":"info","message":"Driver service listening on port 3001","timestamp":"2025-05-07T05:20:23.612Z"}
{"level":"info","message":"Connected to MongoDB","timestamp":"2025-05-07T05:20:23.633Z"}
{"level":"info","message":"Driver service listening on port 3001","timestamp":"2025-05-07T05:22:08.402Z"}
{"level":"info","message":"Connected to MongoDB","timestamp":"2025-05-07T05:22:08.414Z"}
{"level":"info","message":"Driver service listening on port 3001","timestamp":"2025-05-07T05:26:29.934Z"}
{"level":"info","message":"Connected to MongoDB","timestamp":"2025-05-07T05:26:29.950Z"}
{"level":"info","message":"Driver service listening on port 3001","timestamp":"2025-05-07T05:31:19.154Z"}
{"level":"info","message":"Connected to MongoDB","timestamp":"2025-05-07T05:31:19.231Z"}
{"level":"info","message":"Driver service listening on port 3001","timestamp":"2025-05-07T05:31:30.793Z"}
{"level":"info","message":"Connected to MongoDB","timestamp":"2025-05-07T05:31:30.807Z"}
{"level":"info","message":"Driver service listening on port 3001","timestamp":"2025-05-07T05:31:46.495Z"}
{"level":"info","message":"Connected to MongoDB","timestamp":"2025-05-07T05:31:46.510Z"}
{"level":"info","message":"Driver service listening on port 3001","timestamp":"2025-05-07T05:33:00.707Z"}
{"level":"info","message":"Connected to MongoDB","timestamp":"2025-05-07T05:33:00.720Z"}
{"level":"info","message":"Driver service listening on port 3001","timestamp":"2025-05-07T05:33:15.654Z"}
{"level":"info","message":"Connected to MongoDB","timestamp":"2025-05-07T05:33:15.669Z"}
{"level":"info","message":"Driver service listening on port 3001","timestamp":"2025-05-07T05:33:25.526Z"}
{"level":"info","message":"Connected to MongoDB","timestamp":"2025-05-07T05:33:25.543Z"}
{"level":"info","message":"Driver service listening on port 3001","timestamp":"2025-05-07T05:33:35.640Z"}
{"level":"info","message":"Connected to MongoDB","timestamp":"2025-05-07T05:33:35.656Z"}
{"level":"info","message":"Driver service listening on port 3001","timestamp":"2025-05-07T05:33:36.648Z"}
{"level":"info","message":"Connected to MongoDB","timestamp":"2025-05-07T05:33:36.661Z"}
{"level":"info","message":"Driver service listening on port 3001","timestamp":"2025-05-07T05:34:00.335Z"}
{"level":"info","message":"Connected to MongoDB","timestamp":"2025-05-07T05:34:00.349Z"}
{"level":"error","message":"PayloadTooLargeError: request entity too large\n    at readStream (/Users/spartan/SJSU/DATA 236/Project/services/driver-service/node_modules/raw-body/index.js:163:17)\n    at getRawBody (/Users/spartan/SJSU/DATA 236/Project/services/driver-service/node_modules/raw-body/index.js:116:12)\n    at read (/Users/spartan/SJSU/DATA 236/Project/services/driver-service/node_modules/body-parser/lib/read.js:79:3)\n    at jsonParser (/Users/spartan/SJSU/DATA 236/Project/services/driver-service/node_modules/body-parser/lib/types/json.js:138:5)\n    at Layer.handle [as handle_request] (/Users/spartan/SJSU/DATA 236/Project/services/driver-service/node_modules/express/lib/router/layer.js:95:5)\n    at trim_prefix (/Users/spartan/SJSU/DATA 236/Project/services/driver-service/node_modules/express/lib/router/index.js:328:13)\n    at /Users/spartan/SJSU/DATA 236/Project/services/driver-service/node_modules/express/lib/router/index.js:286:9\n    at Function.process_params (/Users/spartan/SJSU/DATA 236/Project/services/driver-service/node_modules/express/lib/router/index.js:346:12)\n    at next (/Users/spartan/SJSU/DATA 236/Project/services/driver-service/node_modules/express/lib/router/index.js:280:10)\n    at expressInit (/Users/spartan/SJSU/DATA 236/Project/services/driver-service/node_modules/express/lib/middleware/init.js:40:5)","timestamp":"2025-05-07T05:34:49.005Z"}
{"level":"info","message":"Driver service listening on port 3001","timestamp":"2025-05-07T05:35:27.304Z"}
{"level":"info","message":"Connected to MongoDB","timestamp":"2025-05-07T05:35:27.316Z"}
{"level":"info","message":"Driver service listening on port 3001","timestamp":"2025-05-07T05:35:32.604Z"}
{"level":"info","message":"Connected to MongoDB","timestamp":"2025-05-07T05:35:32.618Z"}
{"level":"info","message":"Driver service listening on port 3001","timestamp":"2025-05-07T05:38:57.113Z"}
{"level":"info","message":"Connected to MongoDB","timestamp":"2025-05-07T05:38:57.126Z"}
{"level":"info","message":"Driver service listening on port 3001","timestamp":"2025-05-07T05:38:58.005Z"}
{"level":"info","message":"Connected to MongoDB","timestamp":"2025-05-07T05:38:58.017Z"}
{"level":"info","message":"Driver service listening on port 3001","timestamp":"2025-05-07T05:39:34.313Z"}
{"level":"info","message":"Connected to MongoDB","timestamp":"2025-05-07T05:39:34.330Z"}
{"level":"info","message":"Driver service listening on port 3001","timestamp":"2025-05-07T05:39:41.442Z"}
{"level":"info","message":"Connected to MongoDB","timestamp":"2025-05-07T05:39:41.458Z"}
{"level":"info","message":"Driver service listening on port 3001","timestamp":"2025-05-07T05:40:00.994Z"}
{"level":"info","message":"Connected to MongoDB","timestamp":"2025-05-07T05:40:01.008Z"}
{"level":"info","message":"SIGTERM received. Shutting down gracefully...","timestamp":"2025-05-07T05:40:06.392Z"}
{"level":"info","message":"Driver service listening on port 3001","timestamp":"2025-05-07T05:40:11.968Z"}
{"level":"info","message":"Connected to MongoDB","timestamp":"2025-05-07T05:40:11.984Z"}
{"level":"error","message":"PayloadTooLargeError: request entity too large\n    at readStream (/Users/spartan/SJSU/DATA 236/Project/services/driver-service/node_modules/raw-body/index.js:163:17)\n    at getRawBody (/Users/spartan/SJSU/DATA 236/Project/services/driver-service/node_modules/raw-body/index.js:116:12)\n    at read (/Users/spartan/SJSU/DATA 236/Project/services/driver-service/node_modules/body-parser/lib/read.js:79:3)\n    at jsonParser (/Users/spartan/SJSU/DATA 236/Project/services/driver-service/node_modules/body-parser/lib/types/json.js:138:5)\n    at Layer.handle [as handle_request] (/Users/spartan/SJSU/DATA 236/Project/services/driver-service/node_modules/express/lib/router/layer.js:95:5)\n    at trim_prefix (/Users/spartan/SJSU/DATA 236/Project/services/driver-service/node_modules/express/lib/router/index.js:328:13)\n    at /Users/spartan/SJSU/DATA 236/Project/services/driver-service/node_modules/express/lib/router/index.js:286:9\n    at Function.process_params (/Users/spartan/SJSU/DATA 236/Project/services/driver-service/node_modules/express/lib/router/index.js:346:12)\n    at next (/Users/spartan/SJSU/DATA 236/Project/services/driver-service/node_modules/express/lib/router/index.js:280:10)\n    at cors (/Users/spartan/SJSU/DATA 236/Project/services/driver-service/node_modules/cors/lib/index.js:188:7)","timestamp":"2025-05-07T05:43:49.617Z"}
{"level":"info","message":"Driver service listening on port 3001","timestamp":"2025-05-07T05:45:29.214Z"}
{"level":"info","message":"Connected to MongoDB","timestamp":"2025-05-07T05:45:29.228Z"}
{"level":"info","message":"SIGTERM received. Shutting down gracefully...","timestamp":"2025-05-07T05:45:37.932Z"}
{"level":"info","message":"Driver service listening on port 3001","timestamp":"2025-05-07T05:45:40.128Z"}
{"level":"info","message":"Connected to MongoDB","timestamp":"2025-05-07T05:45:40.146Z"}
{"level":"info","message":"Driver service listening on port 3001","timestamp":"2025-05-07T05:47:46.498Z"}
{"level":"info","message":"Connected to MongoDB","timestamp":"2025-05-07T05:47:46.512Z"}
{"level":"info","message":"Driver service listening on port 3001","timestamp":"2025-05-07T05:47:53.828Z"}
{"level":"info","message":"Connected to MongoDB","timestamp":"2025-05-07T05:47:53.844Z"}
{"level":"info","message":"Driver service listening on port 3001","timestamp":"2025-05-07T05:47:55.118Z"}
{"level":"info","message":"Connected to MongoDB","timestamp":"2025-05-07T05:47:55.131Z"}
{"level":"info","message":"Driver service listening on port 3001","timestamp":"2025-05-07T05:48:00.379Z"}
{"level":"info","message":"Connected to MongoDB","timestamp":"2025-05-07T05:48:00.393Z"}
{"level":"info","message":"Driver service listening on port 3001","timestamp":"2025-05-07T05:48:14.156Z"}
{"level":"info","message":"Connected to MongoDB","timestamp":"2025-05-07T05:48:14.175Z"}
{"level":"info","message":"Driver service listening on port 3001","timestamp":"2025-05-07T05:48:18.931Z"}
{"level":"info","message":"Connected to MongoDB","timestamp":"2025-05-07T05:48:18.942Z"}
{"level":"info","message":"SIGTERM received. Shutting down gracefully...","timestamp":"2025-05-07T05:48:21.037Z"}
{"level":"info","message":"Driver service listening on port 3001","timestamp":"2025-05-07T05:48:22.550Z"}
{"level":"info","message":"Connected to MongoDB","timestamp":"2025-05-07T05:48:22.562Z"}
{"level":"info","message":"Driver service listening on port 3001","timestamp":"2025-05-07T05:49:28.826Z"}
{"level":"info","message":"Connected to MongoDB","timestamp":"2025-05-07T05:49:28.839Z"}
{"level":"info","message":"Driver service listening on port 3001","timestamp":"2025-05-07T05:49:38.746Z"}
{"level":"info","message":"Connected to MongoDB","timestamp":"2025-05-07T05:49:38.760Z"}
{"level":"info","message":"Driver service listening on port 3001","timestamp":"2025-05-07T05:49:44.951Z"}
{"level":"info","message":"Connected to MongoDB","timestamp":"2025-05-07T05:49:44.967Z"}
{"level":"info","message":"SIGTERM received. Shutting down gracefully...","timestamp":"2025-05-07T05:49:58.464Z"}
{"level":"info","message":"Driver service listening on port 3001","timestamp":"2025-05-07T05:50:01.208Z"}
{"level":"info","message":"Connected to MongoDB","timestamp":"2025-05-07T05:50:01.226Z"}
{"level":"info","message":"Driver service listening on port 3001","timestamp":"2025-05-07T06:09:43.159Z"}
{"level":"info","message":"Connected to MongoDB","timestamp":"2025-05-07T06:09:43.172Z"}
{"level":"info","message":"Driver service listening on port 3001","timestamp":"2025-05-07T06:09:55.262Z"}
{"level":"info","message":"Connected to MongoDB","timestamp":"2025-05-07T06:09:55.274Z"}
{"level":"info","message":"Driver service listening on port 3001","timestamp":"2025-05-07T06:09:56.622Z"}
{"level":"info","message":"Connected to MongoDB","timestamp":"2025-05-07T06:09:56.712Z"}
{"level":"info","message":"Driver service listening on port 3001","timestamp":"2025-05-07T06:10:07.452Z"}
{"level":"info","message":"Connected to MongoDB","timestamp":"2025-05-07T06:10:07.473Z"}
{"level":"info","message":"Driver service listening on port 3001","timestamp":"2025-05-07T06:10:14.166Z"}
{"level":"info","message":"Connected to MongoDB","timestamp":"2025-05-07T06:10:14.216Z"}
{"level":"info","message":"SIGTERM received. Shutting down gracefully...","timestamp":"2025-05-07T06:10:25.159Z"}
{"level":"info","message":"Driver service listening on port 3001","timestamp":"2025-05-07T06:10:27.383Z"}
{"level":"info","message":"Connected to MongoDB","timestamp":"2025-05-07T06:10:27.403Z"}
{"level":"info","message":"Driver service listening on port 3001","timestamp":"2025-05-07T06:22:06.591Z"}
{"level":"info","message":"Connected to MongoDB","timestamp":"2025-05-07T06:22:06.620Z"}
{"level":"info","message":"Driver service listening on port 3001","timestamp":"2025-05-07T06:22:08.577Z"}
{"level":"info","message":"Connected to MongoDB","timestamp":"2025-05-07T06:22:08.590Z"}
{"level":"info","message":"Driver service listening on port 3001","timestamp":"2025-05-07T06:22:17.035Z"}
{"level":"info","message":"Connected to MongoDB","timestamp":"2025-05-07T06:22:17.047Z"}
{"level":"info","message":"Driver service listening on port 3001","timestamp":"2025-05-07T06:22:31.156Z"}
{"level":"info","message":"Connected to MongoDB","timestamp":"2025-05-07T06:22:31.178Z"}
{"level":"info","message":"SIGTERM received. Shutting down gracefully...","timestamp":"2025-05-07T06:22:45.164Z"}
{"level":"info","message":"Driver service listening on port 3001","timestamp":"2025-05-07T06:22:47.627Z"}
{"level":"info","message":"Connected to MongoDB","timestamp":"2025-05-07T06:22:47.645Z"}
{"level":"info","message":"Driver service listening on port 3001","timestamp":"2025-05-07T06:23:48.004Z"}
{"level":"info","message":"Connected to MongoDB","timestamp":"2025-05-07T06:23:48.015Z"}
{"level":"info","message":"Driver service listening on port 3001","timestamp":"2025-05-07T06:24:30.314Z"}
{"level":"info","message":"Connected to MongoDB","timestamp":"2025-05-07T06:24:30.326Z"}
{"level":"info","message":"Driver service listening on port 3001","timestamp":"2025-05-07T06:25:47.554Z"}
{"level":"info","message":"Connected to MongoDB","timestamp":"2025-05-07T06:25:47.566Z"}
{"level":"info","message":"Driver service listening on port 3001","timestamp":"2025-05-07T06:26:09.205Z"}
{"level":"info","message":"Connected to MongoDB","timestamp":"2025-05-07T06:26:09.229Z"}
{"level":"info","message":"Driver service listening on port 3001","timestamp":"2025-05-07T06:33:55.030Z"}
{"level":"info","message":"Connected to MongoDB","timestamp":"2025-05-07T06:33:55.049Z"}
{"level":"info","message":"Driver service listening on port 3001","timestamp":"2025-05-07T06:50:11.714Z"}
{"level":"info","message":"Connected to MongoDB","timestamp":"2025-05-07T06:50:11.756Z"}
{"level":"info","message":"Driver service listening on port 3001","timestamp":"2025-05-07T06:51:10.555Z"}
{"level":"info","message":"Connected to MongoDB","timestamp":"2025-05-07T06:51:10.567Z"}
{"level":"info","message":"Driver service listening on port 3001","timestamp":"2025-05-07T06:52:53.495Z"}
{"level":"info","message":"Connected to MongoDB","timestamp":"2025-05-07T06:52:53.508Z"}
{"level":"info","message":"Driver service listening on port 3001","timestamp":"2025-05-07T06:53:09.832Z"}
{"level":"info","message":"Connected to MongoDB","timestamp":"2025-05-07T06:53:09.846Z"}
{"level":"info","message":"Driver service listening on port 3001","timestamp":"2025-05-07T06:54:22.307Z"}
{"level":"info","message":"Connected to MongoDB","timestamp":"2025-05-07T06:54:22.319Z"}
{"level":"info","message":"Driver service listening on port 3001","timestamp":"2025-05-07T06:54:38.956Z"}
{"level":"info","message":"Connected to MongoDB","timestamp":"2025-05-07T06:54:38.980Z"}
{"level":"info","message":"Driver service listening on port 3001","timestamp":"2025-05-07T06:58:31.423Z"}
{"level":"info","message":"Connected to MongoDB","timestamp":"2025-05-07T06:58:31.435Z"}
{"level":"info","message":"Driver service listening on port 3001","timestamp":"2025-05-07T06:58:47.041Z"}
{"level":"info","message":"Connected to MongoDB","timestamp":"2025-05-07T06:58:47.056Z"}
{"level":"info","message":"Driver service listening on port 3001","timestamp":"2025-05-07T07:00:19.417Z"}
{"level":"info","message":"Connected to MongoDB","timestamp":"2025-05-07T07:00:19.428Z"}
{"level":"info","message":"Driver service listening on port 3001","timestamp":"2025-05-07T07:01:11.638Z"}
{"level":"info","message":"Connected to MongoDB","timestamp":"2025-05-07T07:01:11.657Z"}
{"level":"info","message":"Driver service listening on port 3001","timestamp":"2025-05-07T07:02:00.185Z"}
{"level":"info","message":"Connected to MongoDB","timestamp":"2025-05-07T07:02:00.206Z"}
{"level":"info","message":"Driver service listening on port 3001","timestamp":"2025-05-07T07:02:11.073Z"}
{"level":"info","message":"Connected to MongoDB","timestamp":"2025-05-07T07:02:11.086Z"}
{"level":"info","message":"Driver service listening on port 3001","timestamp":"2025-05-07T07:04:29.064Z"}
{"level":"info","message":"Connected to MongoDB","timestamp":"2025-05-07T07:04:29.076Z"}
{"level":"info","message":"Driver service listening on port 3001","timestamp":"2025-05-07T07:04:44.218Z"}
{"level":"info","message":"Connected to MongoDB","timestamp":"2025-05-07T07:04:44.234Z"}
{"level":"info","message":"Driver service listening on port 3001","timestamp":"2025-05-07T07:05:27.900Z"}
{"level":"info","message":"Connected to MongoDB","timestamp":"2025-05-07T07:05:27.914Z"}
{"level":"info","message":"Driver service listening on port 3001","timestamp":"2025-05-07T07:06:57.292Z"}
{"level":"info","message":"Connected to MongoDB","timestamp":"2025-05-07T07:06:57.305Z"}
{"level":"info","message":"Driver service listening on port 3001","timestamp":"2025-05-07T07:07:10.288Z"}
{"level":"info","message":"Connected to MongoDB","timestamp":"2025-05-07T07:07:10.310Z"}
{"level":"info","message":"SIGTERM received. Shutting down gracefully...","timestamp":"2025-05-07T07:07:11.536Z"}
{"level":"info","message":"Driver service listening on port 3001","timestamp":"2025-05-07T07:07:12.925Z"}
{"level":"info","message":"Connected to MongoDB","timestamp":"2025-05-07T07:07:12.936Z"}
{"level":"info","message":"Driver service listening on port 3001","timestamp":"2025-05-07T07:09:06.146Z"}
{"level":"info","message":"Connected to MongoDB","timestamp":"2025-05-07T07:09:06.159Z"}
{"code":"LIMIT_FILE_SIZE","field":"profileImage","level":"error","message":"Error: File too large","name":"MulterError","stack":"MulterError: File too large\n    at abortWithCode (/Users/spartan/SJSU/DATA 236/Project/services/driver-service/node_modules/multer/lib/make-middleware.js:73:22)\n    at FileStream.<anonymous> (/Users/spartan/SJSU/DATA 236/Project/services/driver-service/node_modules/multer/lib/make-middleware.js:136:11)\n    at FileStream.emit (node:events:507:28)\n    at SBMH.ssCb [as _cb] (/Users/spartan/SJSU/DATA 236/Project/services/driver-service/node_modules/busboy/lib/types/multipart.js:479:32)\n    at feed (/Users/spartan/SJSU/DATA 236/Project/services/driver-service/node_modules/streamsearch/lib/sbmh.js:248:10)\n    at SBMH.push (/Users/spartan/SJSU/DATA 236/Project/services/driver-service/node_modules/streamsearch/lib/sbmh.js:104:16)\n    at Multipart._write (/Users/spartan/SJSU/DATA 236/Project/services/driver-service/node_modules/busboy/lib/types/multipart.js:567:19)\n    at writeOrBuffer (node:internal/streams/writable:570:12)\n    at _write (node:internal/streams/writable:499:10)\n    at Writable.write (node:internal/streams/writable:508:10)","storageErrors":[],"timestamp":"2025-05-07T07:09:46.390Z"}
{"level":"info","message":"Driver service listening on port 3001","timestamp":"2025-05-07T07:10:57.264Z"}
{"level":"info","message":"Connected to MongoDB","timestamp":"2025-05-07T07:10:57.277Z"}
{"level":"info","message":"Driver service listening on port 3001","timestamp":"2025-05-07T07:13:32.048Z"}
{"level":"info","message":"Connected to MongoDB","timestamp":"2025-05-07T07:13:32.060Z"}
{"level":"info","message":"Driver service listening on port 3001","timestamp":"2025-05-07T07:13:47.494Z"}
{"level":"info","message":"Connected to MongoDB","timestamp":"2025-05-07T07:13:47.515Z"}
{"level":"info","message":"Driver service listening on port 3001","timestamp":"2025-05-07T07:18:28.411Z"}
{"level":"info","message":"Connected to MongoDB","timestamp":"2025-05-07T07:18:28.423Z"}
{"level":"info","message":"Driver service listening on port 3001","timestamp":"2025-05-07T07:18:43.589Z"}
{"level":"info","message":"Connected to MongoDB","timestamp":"2025-05-07T07:18:43.609Z"}
{"level":"info","message":"Driver service listening on port 3001","timestamp":"2025-05-07T07:18:49.470Z"}
{"level":"info","message":"Connected to MongoDB","timestamp":"2025-05-07T07:18:49.482Z"}
{"code":"LIMIT_FILE_SIZE","field":"profileImage","level":"error","message":"Error: File too large","name":"MulterError","stack":"MulterError: File too large\n    at abortWithCode (/Users/spartan/SJSU/DATA 236/Project/services/driver-service/node_modules/multer/lib/make-middleware.js:73:22)\n    at FileStream.<anonymous> (/Users/spartan/SJSU/DATA 236/Project/services/driver-service/node_modules/multer/lib/make-middleware.js:136:11)\n    at FileStream.emit (node:events:507:28)\n    at SBMH.ssCb [as _cb] (/Users/spartan/SJSU/DATA 236/Project/services/driver-service/node_modules/busboy/lib/types/multipart.js:479:32)\n    at feed (/Users/spartan/SJSU/DATA 236/Project/services/driver-service/node_modules/streamsearch/lib/sbmh.js:248:10)\n    at SBMH.push (/Users/spartan/SJSU/DATA 236/Project/services/driver-service/node_modules/streamsearch/lib/sbmh.js:104:16)\n    at Multipart._write (/Users/spartan/SJSU/DATA 236/Project/services/driver-service/node_modules/busboy/lib/types/multipart.js:567:19)\n    at writeOrBuffer (node:internal/streams/writable:570:12)\n    at _write (node:internal/streams/writable:499:10)\n    at Writable.write (node:internal/streams/writable:508:10)","storageErrors":[],"timestamp":"2025-05-07T07:19:26.490Z"}
{"level":"info","message":"Driver service listening on port 3001","timestamp":"2025-05-07T07:19:36.321Z"}
{"level":"info","message":"Connected to MongoDB","timestamp":"2025-05-07T07:19:36.338Z"}
{"level":"info","message":"Driver service listening on port 3001","timestamp":"2025-05-07T07:20:37.332Z"}
{"level":"info","message":"Connected to MongoDB","timestamp":"2025-05-07T07:20:37.346Z"}
{"level":"info","message":"Driver service listening on port 3001","timestamp":"2025-05-07T07:20:59.215Z"}
{"level":"info","message":"Connected to MongoDB","timestamp":"2025-05-07T07:20:59.229Z"}
{"level":"info","message":"Driver service listening on port 3001","timestamp":"2025-05-07T07:24:44.110Z"}
{"level":"info","message":"Connected to MongoDB","timestamp":"2025-05-07T07:24:44.125Z"}
{"level":"info","message":"Driver service listening on port 3001","timestamp":"2025-05-07T07:25:07.675Z"}
{"level":"info","message":"Connected to MongoDB","timestamp":"2025-05-07T07:25:07.693Z"}
{"level":"info","message":"Driver service listening on port 3001","timestamp":"2025-05-07T07:28:19.151Z"}
{"level":"info","message":"Connected to MongoDB","timestamp":"2025-05-07T07:28:19.162Z"}
{"level":"info","message":"Driver service listening on port 3001","timestamp":"2025-05-07T07:28:34.101Z"}
{"level":"info","message":"Connected to MongoDB","timestamp":"2025-05-07T07:28:34.119Z"}
{"level":"info","message":"Driver service listening on port 3001","timestamp":"2025-05-07T07:31:35.847Z"}
{"level":"info","message":"Connected to MongoDB","timestamp":"2025-05-07T07:31:35.859Z"}
{"level":"info","message":"Driver service listening on port 3001","timestamp":"2025-05-07T07:31:50.187Z"}
{"level":"info","message":"Connected to MongoDB","timestamp":"2025-05-07T07:31:50.201Z"}
{"level":"info","message":"Driver service listening on port 3001","timestamp":"2025-05-07T07:40:21.306Z"}
{"level":"info","message":"Connected to MongoDB","timestamp":"2025-05-07T07:40:21.318Z"}
{"level":"info","message":"Driver service listening on port 3001","timestamp":"2025-05-07T07:40:44.256Z"}
{"level":"info","message":"Connected to MongoDB","timestamp":"2025-05-07T07:40:44.274Z"}
{"level":"info","message":"Driver service listening on port 3001","timestamp":"2025-05-07T07:47:45.850Z"}
{"level":"info","message":"Connected to MongoDB","timestamp":"2025-05-07T07:47:45.862Z"}
{"level":"info","message":"Driver service listening on port 3001","timestamp":"2025-05-07T07:50:04.706Z"}
{"level":"info","message":"Connected to MongoDB","timestamp":"2025-05-07T07:50:04.721Z"}
{"level":"info","message":"Driver service listening on port 3001","timestamp":"2025-05-07T07:52:36.312Z"}
{"level":"info","message":"Connected to MongoDB","timestamp":"2025-05-07T07:52:36.325Z"}
{"level":"info","message":"Driver service listening on port 3001","timestamp":"2025-05-07T07:56:32.586Z"}
{"level":"info","message":"Connected to MongoDB","timestamp":"2025-05-07T07:56:32.598Z"}
{"level":"info","message":"Driver service listening on port 3001","timestamp":"2025-05-07T07:56:49.209Z"}
{"level":"info","message":"Connected to MongoDB","timestamp":"2025-05-07T07:56:49.223Z"}
{"level":"info","message":"Driver service listening on port 3001","timestamp":"2025-05-07T07:57:01.829Z"}
{"level":"info","message":"Connected to MongoDB","timestamp":"2025-05-07T07:57:01.840Z"}
{"level":"info","message":"Driver service listening on port 3001","timestamp":"2025-05-07T08:03:18.554Z"}
{"level":"info","message":"Connected to MongoDB","timestamp":"2025-05-07T08:03:18.566Z"}
{"level":"info","message":"Driver service listening on port 3001","timestamp":"2025-05-07T08:03:34.189Z"}
{"level":"info","message":"Connected to MongoDB","timestamp":"2025-05-07T08:03:34.204Z"}
{"level":"info","message":"Driver service listening on port 3001","timestamp":"2025-05-07T08:04:39.267Z"}
{"level":"info","message":"Connected to MongoDB","timestamp":"2025-05-07T08:04:39.300Z"}
{"level":"info","message":"Driver service listening on port 3001","timestamp":"2025-05-07T08:04:54.721Z"}
{"level":"info","message":"Connected to MongoDB","timestamp":"2025-05-07T08:04:54.744Z"}
{"level":"info","message":"Driver service listening on port 3001","timestamp":"2025-05-07T08:06:19.547Z"}
{"level":"info","message":"Connected to MongoDB","timestamp":"2025-05-07T08:06:19.558Z"}
{"level":"info","message":"Driver service listening on port 3001","timestamp":"2025-05-07T08:06:33.395Z"}
{"level":"info","message":"Connected to MongoDB","timestamp":"2025-05-07T08:06:33.413Z"}
{"level":"info","message":"Driver service listening on port 3001","timestamp":"2025-05-07T08:06:47.036Z"}
{"level":"info","message":"Connected to MongoDB","timestamp":"2025-05-07T08:06:47.052Z"}
{"level":"info","message":"Driver service listening on port 3001","timestamp":"2025-05-07T08:08:35.754Z"}
{"level":"info","message":"Connected to MongoDB","timestamp":"2025-05-07T08:08:35.773Z"}
{"level":"info","message":"Driver service listening on port 3001","timestamp":"2025-05-07T08:08:50.305Z"}
{"level":"info","message":"Connected to MongoDB","timestamp":"2025-05-07T08:08:50.321Z"}
{"level":"info","message":"Driver service listening on port 3001","timestamp":"2025-05-07T08:26:25.839Z"}
{"level":"info","message":"Connected to MongoDB","timestamp":"2025-05-07T08:26:25.852Z"}
{"level":"info","message":"Driver service listening on port 3001","timestamp":"2025-05-07T08:28:51.193Z"}
{"level":"info","message":"Connected to MongoDB","timestamp":"2025-05-07T08:28:51.207Z"}
{"level":"info","message":"Driver service listening on port 3001","timestamp":"2025-05-07T08:28:58.361Z"}
{"level":"info","message":"Connected to MongoDB","timestamp":"2025-05-07T08:28:58.396Z"}
{"level":"info","message":"Driver service listening on port 3001","timestamp":"2025-05-07T08:37:19.739Z"}
{"level":"info","message":"Connected to MongoDB","timestamp":"2025-05-07T08:37:19.751Z"}
{"level":"info","message":"Driver service listening on port 3001","timestamp":"2025-05-07T08:39:38.147Z"}
{"level":"info","message":"Connected to MongoDB","timestamp":"2025-05-07T08:39:38.160Z"}
{"level":"info","message":"Driver service listening on port 3001","timestamp":"2025-05-07T08:43:53.954Z"}
{"level":"info","message":"Connected to MongoDB","timestamp":"2025-05-07T08:43:53.968Z"}
{"level":"info","message":"Driver service listening on port 3001","timestamp":"2025-05-07T08:44:21.497Z"}
{"level":"info","message":"Connected to MongoDB","timestamp":"2025-05-07T08:44:21.509Z"}
{"level":"info","message":"Driver service listening on port 3001","timestamp":"2025-05-07T08:56:58.168Z"}
{"level":"info","message":"Connected to MongoDB","timestamp":"2025-05-07T08:56:58.180Z"}
{"level":"info","message":"Driver service listening on port 3001","timestamp":"2025-05-07T08:59:18.015Z"}
{"level":"info","message":"Connected to MongoDB","timestamp":"2025-05-07T08:59:18.028Z"}
{"level":"info","message":"Driver service listening on port 3001","timestamp":"2025-05-07T08:59:37.659Z"}
{"level":"info","message":"Connected to MongoDB","timestamp":"2025-05-07T08:59:37.673Z"}
{"level":"info","message":"Driver service listening on port 3001","timestamp":"2025-05-07T09:00:03.728Z"}
{"level":"info","message":"Connected to MongoDB","timestamp":"2025-05-07T09:00:03.740Z"}
{"level":"info","message":"Driver service listening on port 3001","timestamp":"2025-05-07T09:00:09.200Z"}
{"level":"info","message":"Connected to MongoDB","timestamp":"2025-05-07T09:00:09.218Z"}
{"level":"info","message":"Driver service listening on port 3001","timestamp":"2025-05-07T09:03:32.604Z"}
{"level":"info","message":"Connected to MongoDB","timestamp":"2025-05-07T09:03:32.616Z"}
{"level":"info","message":"Driver service listening on port 3001","timestamp":"2025-05-07T09:20:07.176Z"}
{"level":"info","message":"Connected to MongoDB","timestamp":"2025-05-07T09:20:07.195Z"}
{"level":"info","message":"Driver service listening on port 3001","timestamp":"2025-05-07T09:21:46.504Z"}
{"level":"info","message":"Connected to MongoDB","timestamp":"2025-05-07T09:21:46.528Z"}
