2025-05-12 13:37:25,179 INFO o.a.j.u.JMeterUtils: Setting Locale to en_EN
2025-05-12 13:37:25,208 INFO o.a.j.JMeter: Loading user properties from: /opt/homebrew/Cellar/jmeter/5.6.3/libexec/bin/user.properties
2025-05-12 13:37:25,220 INFO o.a.j.JMeter: Loading system properties from: /opt/homebrew/Cellar/jmeter/5.6.3/libexec/bin/system.properties
2025-05-12 13:37:25,227 INFO o.a.j.JMeter: Copyright (c) 1998-2024 The Apache Software Foundation
2025-05-12 13:37:25,228 INFO o.a.j.JMeter: Version 5.6.3
2025-05-12 13:37:25,228 INFO o.a.j.JMeter: java.version=21.0.7
2025-05-12 13:37:25,228 INFO o.a.j.JMeter: java.vm.name=OpenJDK 64-Bit Server VM
2025-05-12 13:37:25,228 INFO o.a.j.JMeter: os.name=Mac OS X
2025-05-12 13:37:25,228 INFO o.a.j.JMeter: os.arch=aarch64
2025-05-12 13:37:25,228 INFO o.a.j.JMeter: os.version=15.4.1
2025-05-12 13:37:25,228 INFO o.a.j.JMeter: file.encoding=UTF-8
2025-05-12 13:37:25,228 INFO o.a.j.JMeter: java.awt.headless=null
2025-05-12 13:37:25,228 INFO o.a.j.JMeter: Max memory     =1073741824
2025-05-12 13:37:25,228 INFO o.a.j.JMeter: Available Processors =8
2025-05-12 13:37:25,240 INFO o.a.j.JMeter: Default Locale=English (EN)
2025-05-12 13:37:25,240 INFO o.a.j.JMeter: JMeter  Locale=English (EN)
2025-05-12 13:37:25,240 INFO o.a.j.JMeter: JMeterHome=/opt/homebrew/Cellar/jmeter/5.6.3/libexec
2025-05-12 13:37:25,240 INFO o.a.j.JMeter: user.dir  =/Users/spartan/SJSU/DATA_236/Final Project
2025-05-12 13:37:25,241 INFO o.a.j.JMeter: PWD       =/Users/spartan/SJSU/DATA_236/Final Project
2025-05-12 13:37:25,248 INFO o.a.j.JMeter: IP: 10.251.145.82 Name: MLK-SCS-P0WGL9N2QF FullName: 10.251.145.82
2025-05-12 13:37:25,257 INFO o.a.j.JMeter: Loaded icon properties from org/apache/jmeter/images/icon.properties
2025-05-12 13:37:25,786 INFO o.a.j.JMeterGuiLauncher: Setting LAF to: com.github.weisj.darklaf.DarkLaf:com.github.weisj.darklaf.theme.DarculaTheme
2025-05-12 13:37:27,008 INFO o.a.j.r.ClassFinder: Will scan jar /opt/homebrew/Cellar/jmeter/5.6.3/libexec/lib/ext/jmeter-plugins-manager-1.9.jar with filter ExtendsClassFilter [parents=[interface org.apache.jmeter.gui.action.Command], inner=false, contains=null, notContains=null]. Consider exposing JMeter plugins via META-INF/services, and add JMeter-Skip-Class-Scanning=true manifest attribute so JMeter can skip classfile scanning
2025-05-12 13:37:27,089 INFO o.a.j.r.ClassFinder: Will scan jar /opt/homebrew/Cellar/jmeter/5.6.3/libexec/lib/ext/jmeter-plugins-manager-1.9.jar with filter ExtendsClassFilter [parents=[interface org.apache.jmeter.gui.plugin.MenuCreator], inner=false, contains=null, notContains=null]. Consider exposing JMeter plugins via META-INF/services, and add JMeter-Skip-Class-Scanning=true manifest attribute so JMeter can skip classfile scanning
2025-05-12 13:37:27,146 INFO o.j.r.JARSourceHTTP: Requesting https://jmeter-plugins.org/repo/?installID=mac_os_x-8ee2543f7c3d8327d896988c3369bb4e-gui
2025-05-12 13:37:28,007 INFO o.j.r.PluginManager: Plugins Status: [jpgc-plugins-manager=1.9, jmeter-core=5.6.3, jmeter-ftp=5.6.3, jmeter-http=5.6.3, jmeter-jdbc=5.6.3, jmeter-jms=5.6.3, jmeter-junit=5.6.3, jmeter-java=5.6.3, jmeter-ldap=5.6.3, jmeter-mail=5.6.3, jmeter-mongodb=5.6.3, jmeter-native=5.6.3, jmeter-tcp=5.6.3, jmeter-components=5.6.3]
2025-05-12 13:37:28,008 INFO o.j.r.PluginManagerMenuItem: Plugins Manager has upgrades: [jpgc-plugins-manager]
2025-05-12 13:37:48,043 INFO o.a.j.s.FileServer: Default base='/Users/spartan/SJSU/DATA_236/Final Project'
2025-05-12 13:37:48,046 INFO o.a.j.g.a.Load: Loading file: /Users/spartan/SJSU/DATA_236/GET Drivers.jmx
2025-05-12 13:37:48,046 INFO o.a.j.s.FileServer: Set new base='/Users/spartan/SJSU/DATA_236'
2025-05-12 13:37:48,128 INFO o.a.j.s.SaveService: Testplan (JMX) version: 2.2. Testlog (JTL) version: 2.2
2025-05-12 13:37:48,136 INFO o.a.j.s.SaveService: Using SaveService properties version 5.0
2025-05-12 13:37:48,137 INFO o.a.j.s.SaveService: Using SaveService properties file encoding UTF-8
2025-05-12 13:37:48,137 INFO o.a.j.s.SaveService: Loading file: /Users/spartan/SJSU/DATA_236/GET Drivers.jmx
2025-05-12 13:37:48,169 INFO o.a.j.p.h.s.HTTPSamplerBase: Parser for text/html is org.apache.jmeter.protocol.http.parser.LagartoBasedHtmlParser
2025-05-12 13:37:48,169 INFO o.a.j.p.h.s.HTTPSamplerBase: Parser for application/xhtml+xml is org.apache.jmeter.protocol.http.parser.LagartoBasedHtmlParser
2025-05-12 13:37:48,169 INFO o.a.j.p.h.s.HTTPSamplerBase: Parser for application/xml is org.apache.jmeter.protocol.http.parser.LagartoBasedHtmlParser
2025-05-12 13:37:48,169 INFO o.a.j.p.h.s.HTTPSamplerBase: Parser for text/xml is org.apache.jmeter.protocol.http.parser.LagartoBasedHtmlParser
2025-05-12 13:37:48,169 INFO o.a.j.p.h.s.HTTPSamplerBase: Parser for text/vnd.wap.wml is org.apache.jmeter.protocol.http.parser.RegexpHTMLParser
2025-05-12 13:37:48,169 INFO o.a.j.p.h.s.HTTPSamplerBase: Parser for text/css is org.apache.jmeter.protocol.http.parser.CssParser
2025-05-12 13:37:48,267 INFO o.a.j.s.FileServer: Set new base='/Users/spartan/SJSU/DATA_236'
